c:\users\usuario\dropbox\facultad\semestre 4\algoritmos 2 recursada\entrega3\entrega3\debug\sistematemplates.obj
c:\users\usuario\dropbox\facultad\semestre 4\algoritmos 2 recursada\entrega3\entrega3\debug\colaprioridadextendidaheap.obj
c:\users\usuario\dropbox\facultad\semestre 4\algoritmos 2 recursada\entrega3\entrega3\debug\prioridada.obj
c:\users\usuario\dropbox\facultad\semestre 4\algoritmos 2 recursada\entrega3\entrega3\debug\sistema.obj
c:\users\usuario\dropbox\facultad\semestre 4\algoritmos 2 recursada\entrega3\entrega3\debug\tablero.obj
c:\users\usuario\dropbox\facultad\semestre 4\algoritmos 2 recursada\entrega3\entrega3\debug\casodeprueba.obj
c:\users\usuario\dropbox\facultad\semestre 4\algoritmos 2 recursada\entrega3\entrega3\debug\prioridadb.obj
c:\users\usuario\dropbox\facultad\semestre 4\algoritmos 2 recursada\entrega3\entrega3\debug\main.obj
c:\users\usuario\dropbox\facultad\semestre 4\algoritmos 2 recursada\entrega3\entrega3\debug\vc140.pdb
c:\users\usuario\dropbox\facultad\semestre 4\algoritmos 2 recursada\entrega3\entrega3\debug\obligatorio.ilk
c:\users\usuario\dropbox\facultad\semestre 4\algoritmos 2 recursada\entrega3\entrega3\debug\obligatorio.exe
c:\users\usuario\dropbox\facultad\semestre 4\algoritmos 2 recursada\entrega3\entrega3\debug\obligatorio.pdb
c:\users\usuario\dropbox\facultad\semestre 4\algoritmos 2 recursada\entrega3\entrega3\debug\obligatorio.vcxprojresolveassemblyreference.cache
c:\users\usuario\dropbox\facultad\semestre 4\algoritmos 2 recursada\entrega3\entrega3\debug\vc140.idb
c:\users\usuario\dropbox\facultad\semestre 4\algoritmos 2 recursada\entrega3\entrega3\debug\obligatorio.tlog\cl.command.1.tlog
c:\users\usuario\dropbox\facultad\semestre 4\algoritmos 2 recursada\entrega3\entrega3\debug\obligatorio.tlog\cl.read.1.tlog
c:\users\usuario\dropbox\facultad\semestre 4\algoritmos 2 recursada\entrega3\entrega3\debug\obligatorio.tlog\cl.write.1.tlog
c:\users\usuario\dropbox\facultad\semestre 4\algoritmos 2 recursada\entrega3\entrega3\debug\obligatorio.tlog\link.command.1.tlog
c:\users\usuario\dropbox\facultad\semestre 4\algoritmos 2 recursada\entrega3\entrega3\debug\obligatorio.tlog\link.read.1.tlog
c:\users\usuario\dropbox\facultad\semestre 4\algoritmos 2 recursada\entrega3\entrega3\debug\obligatorio.tlog\link.write.1.tlog
